<?xml version="1.0" encoding="utf-8"?><testsuites name="pytest tests"><testsuite name="pytest" errors="0" failures="0" skipped="0" tests="15" time="3.547" timestamp="2026-06-06T09:29:15.152684+00:00" hostname="agent-env-45c02909-d68f-4fc1-872a-42188b801728"><testcase classname="backend.tests.backend_test" name="test_root" time="0.282" /><testcase classname="backend.tests.backend_test" name="test_projects_seeded" time="0.052" /><testcase classname="backend.tests.backend_test" name="test_settings_defaults" time="0.041" /><testcase classname="backend.tests.backend_test" name="test_login_invalid" time="0.269" /><testcase classname="backend.tests.backend_test" name="test_auth_me" time="0.847" /><testcase classname="backend.tests.backend_test" name="test_projects_write_requires_auth" time="0.149" /><testcase classname="backend.tests.backend_test" name="test_create_lead_public" time="0.088" /><testcase classname="backend.tests.backend_test" name="test_list_leads_admin" time="0.044" /><testcase classname="backend.tests.backend_test" name="test_leads_requires_auth" time="0.134" /><testcase classname="backend.tests.backend_test" name="test_delete_lead" time="0.126" /><testcase classname="backend.tests.backend_test" name="test_project_crud_bilingual" time="0.747" /><testcase classname="backend.tests.backend_test" name="test_create_project_optional_description_defaults" time="0.165" /><testcase classname="backend.tests.backend_test" name="test_create_project_requires_titles" time="0.166" /><testcase classname="backend.tests.backend_test" name="test_settings_update" time="0.166" /><testcase classname="backend.tests.backend_test" name="test_logo_upload" time="0.164" /></testsuite></testsuites>