<?xml version="1.0" encoding="utf-8"?><testsuites name="pytest tests"><testsuite name="pytest" errors="0" failures="0" skipped="0" tests="13" time="21.907" timestamp="2026-06-06T02:47:45.837702+00:00" hostname="agent-env-45c02909-d68f-4fc1-872a-42188b801728"><testcase classname="backend.tests.backend_test" name="test_root" time="0.141" /><testcase classname="backend.tests.backend_test" name="test_projects_seeded" time="0.050" /><testcase classname="backend.tests.backend_test" name="test_settings_defaults" time="0.052" /><testcase classname="backend.tests.backend_test" name="test_login_invalid" time="0.347" /><testcase classname="backend.tests.backend_test" name="test_auth_me" time="0.504" /><testcase classname="backend.tests.backend_test" name="test_projects_write_requires_auth" time="0.154" /><testcase classname="backend.tests.backend_test" name="test_create_lead_public" time="0.051" /><testcase classname="backend.tests.backend_test" name="test_list_leads_admin" time="0.048" /><testcase classname="backend.tests.backend_test" name="test_leads_requires_auth" time="0.209" /><testcase classname="backend.tests.backend_test" name="test_delete_lead" time="0.095" /><testcase classname="backend.tests.backend_test" name="test_project_crud" time="19.719" /><testcase classname="backend.tests.backend_test" name="test_settings_update" time="0.095" /><testcase classname="backend.tests.backend_test" name="test_logo_upload" time="0.211" /></testsuite></testsuites>